2025-11-11 16:02:49,334 | INFO | Starting multi-trader copytrader...
2025-11-11 16:02:49,334 | INFO | Watching 4 traders:
2025-11-11 16:02:49,335 | INFO | - Hans323 (0x0f37cb80dee49d55b5f6d9e595d52591d6371410)
2025-11-11 16:02:49,335 | INFO | - 0x02e65d10e83eb391ca0c466630f82790854e25 (0x83b9f9e2d28ab875b9c9f73cdd5535c4c8926124)
2025-11-11 16:02:49,335 | INFO | - kch123 (0x6a72f61820b26b1fe4d956e17b6dc2a1ea3033ee)
2025-11-11 16:02:49,335 | INFO | - AgricultureSecretary (0x6ffb4354cbe6e0f9989e3b55564ec5fb8646a834)
2025-11-11 16:03:30,060 | INFO | Copied 0x02e65d10e83eb391ca0c466630f82790854e25: $2.55 (0.00% of trader portfolio; deployment 100.0% (floored to $1 min); raised to market min 5.0000 shares) order=0x54c1419ffe10104454e2fd9ce97a347cce64fcbde4bd2ccb9b8b41fe59f3f557
2025-11-11 16:03:31,432 | INFO | Copied kch123: $2.30 (0.00% of trader portfolio; deployment 100.0% (floored to $1 min); raised to market min 5.0000 shares) order=0x73310ee0ce0dc14af559c8f0581ec4d72796d99ba5b153722b1ab9245addf8f2
2025-11-11 16:06:47,871 | INFO | Copied 0x02e65d10e83eb391ca0c466630f82790854e25: $4.00 (0.03% of trader portfolio; deployment 100.0% (floored to $1 min); raised to market min 5.0000 shares) order=0xf4482e6a5903007473de7c6240fd997948e609f3544163839319a38a75fe3096
2025-11-11 16:06:53,725 | INFO | Copied kch123: $2.30 (0.02% of trader portfolio; deployment 100.0% (floored to $1 min); raised to market min 5.0000 shares) order=0x7edf9165f2f8501e0c34e45d4004d1994635f82dad64d7a7851bceb34725440d
2025-11-11 16:07:15,887 | INFO | Now mirroring Mayuravarma (0x3657862e57070b82a289b5887ec943a7c2166b14)
2025-11-11 16:10:04,964 | INFO | Copied 0x02e65d10e83eb391ca0c466630f82790854e25: $4.00 (0.00% of trader portfolio; deployment 100.0% (floored to $1 min); raised to market min 5.0000 shares) order=0x049a10afcb9c50695fe9b7167fa4bef0e40668f7e7c3de0f97d963198d1d2ea2
2025-11-11 16:11:01,664 | INFO | Copied 0x02e65d10e83eb391ca0c466630f82790854e25: $3.10 (0.01% of trader portfolio; deployment 100.0% (floored to $1 min); raised to market min 5.0000 shares) order=0x9692eb545a2afb2b1377c4d7f8a2de3e63d9b64ea8b306593713f539be07bc79
2025-11-11 16:14:35,375 | INFO | Copied kch123: $2.00 (0.00% of trader portfolio; deployment 100.0% (floored to $1 min); raised to market min 5.0000 shares) order=0xad231b28ee36bec49037e10738abd6ce77d110af4b0944f577c0478ffbc649a2
2025-11-11 16:14:52,257 | INFO | Copied 0x02e65d10e83eb391ca0c466630f82790854e25: $4.00 (0.01% of trader portfolio; deployment 100.0% (floored to $1 min); raised to market min 5.0000 shares) order=0xa9fe74a8b9fcf457a0aaff88d06d28efafac7870542ef315288073680abc7566
2025-11-11 16:14:54,178 | INFO | Copied 0x02e65d10e83eb391ca0c466630f82790854e25: $2.65 (0.01% of trader portfolio; deployment 100.0% (floored to $1 min); raised to market min 5.0000 shares) order=0x98bf2ea17b21dc8387a8c42bb08ffdda8feb675f759444cfbe2b2333d53e2c28
2025-11-11 16:15:00,026 | INFO | Copied 0x02e65d10e83eb391ca0c466630f82790854e25: $4.00 (0.02% of trader portfolio; deployment 100.0% (floored to $1 min); raised to market min 5.0000 shares) order=0x8e4a818c77efefe53c62fdacc6d2a7cd48d9ec24593eaa3a3ea6a6ea6954acfc
2025-11-11 16:19:16,461 | WARNING | Rejected trade from 0x02e65d10e83eb391ca0c466630f82790854e25: Exceeds allocated capital for trader
2025-11-11 16:19:33,625 | WARNING | Rejected trade from 0x02e65d10e83eb391ca0c466630f82790854e25: Exceeds allocated capital for trader
2025-11-11 16:19:33,627 | WARNING | Rejected trade from 0x02e65d10e83eb391ca0c466630f82790854e25: Exceeds allocated capital for trader
2025-11-11 16:19:33,628 | WARNING | Rejected trade from 0x02e65d10e83eb391ca0c466630f82790854e25: Exceeds allocated capital for trader
2025-11-11 16:19:50,224 | WARNING | Rejected trade from 0x02e65d10e83eb391ca0c466630f82790854e25: Exceeds allocated capital for trader
2025-11-11 16:20:17,920 | WARNING | Rejected trade from 0x02e65d10e83eb391ca0c466630f82790854e25: Exceeds allocated capital for trader
2025-11-11 16:20:17,922 | WARNING | Rejected trade from 0x02e65d10e83eb391ca0c466630f82790854e25: Exceeds allocated capital for trader
2025-11-11 16:20:18,261 | INFO | Copied kch123: $2.00 (0.00% of trader portfolio; deployment 100.0% (floored to $1 min); raised to market min 5.0000 shares) order=0x6bca14f2cc7c768e6a0f9810c060e74ce017e56522ebe7851913dce4badbc499
2025-11-11 16:20:58,338 | WARNING | Rejected trade from 0x02e65d10e83eb391ca0c466630f82790854e25: Exceeds allocated capital for trader
2025-11-11 16:31:44,855 | INFO | Copied Hans323: $1.00 (3.88% of trader portfolio; deployment 100.0% (floored to $1 min)) order=0x41b3b5fe4f900fa3e92888f1eac22361e8e5b8410861a7fddfc19615924f8362
2025-11-11 16:31:44,856 | WARNING | Rejected trade from 0x02e65d10e83eb391ca0c466630f82790854e25: Exceeds allocated capital for trader
2025-11-11 16:31:44,857 | WARNING | Rejected trade from 0x02e65d10e83eb391ca0c466630f82790854e25: Exceeds allocated capital for trader
2025-11-11 16:31:44,857 | WARNING | Rejected trade from 0x02e65d10e83eb391ca0c466630f82790854e25: Exceeds allocated capital for trader
2025-11-11 16:31:44,858 | WARNING | Rejected trade from 0x02e65d10e83eb391ca0c466630f82790854e25: Exceeds allocated capital for trader
2025-11-11 16:31:44,858 | WARNING | Rejected trade from 0x02e65d10e83eb391ca0c466630f82790854e25: Exceeds allocated capital for trader
2025-11-11 16:31:44,858 | WARNING | Rejected trade from 0x02e65d10e83eb391ca0c466630f82790854e25: Exceeds allocated capital for trader
2025-11-11 16:31:44,858 | WARNING | Rejected trade from 0x02e65d10e83eb391ca0c466630f82790854e25: Exceeds allocated capital for trader
2025-11-11 16:31:44,859 | WARNING | Rejected trade from 0x02e65d10e83eb391ca0c466630f82790854e25: Exceeds allocated capital for trader
2025-11-11 16:31:44,859 | WARNING | Rejected trade from 0x02e65d10e83eb391ca0c466630f82790854e25: Exceeds allocated capital for trader
2025-11-11 16:31:44,859 | WARNING | Rejected trade from 0x02e65d10e83eb391ca0c466630f82790854e25: Exceeds allocated capital for trader
2025-11-11 16:31:44,859 | WARNING | Rejected trade from 0x02e65d10e83eb391ca0c466630f82790854e25: Exceeds allocated capital for trader
2025-11-11 16:31:44,859 | WARNING | Rejected trade from 0x02e65d10e83eb391ca0c466630f82790854e25: Exceeds allocated capital for trader
2025-11-11 16:31:44,860 | WARNING | Rejected trade from 0x02e65d10e83eb391ca0c466630f82790854e25: Exceeds allocated capital for trader
2025-11-11 16:31:44,860 | WARNING | Rejected trade from 0x02e65d10e83eb391ca0c466630f82790854e25: Exceeds allocated capital for trader
2025-11-11 16:31:44,860 | WARNING | Rejected trade from 0x02e65d10e83eb391ca0c466630f82790854e25: Exceeds allocated capital for trader
2025-11-11 16:31:44,860 | WARNING | Rejected trade from 0x02e65d10e83eb391ca0c466630f82790854e25: Exceeds allocated capital for trader
2025-11-11 16:31:44,860 | WARNING | Rejected trade from 0x02e65d10e83eb391ca0c466630f82790854e25: Exceeds allocated capital for trader
2025-11-11 16:31:44,860 | WARNING | Rejected trade from 0x02e65d10e83eb391ca0c466630f82790854e25: Exceeds allocated capital for trader
2025-11-11 16:31:44,860 | WARNING | Rejected trade from 0x02e65d10e83eb391ca0c466630f82790854e25: Exceeds allocated capital for trader
2025-11-11 16:31:44,860 | WARNING | Rejected trade from 0x02e65d10e83eb391ca0c466630f82790854e25: Exceeds allocated capital for trader
2025-11-11 16:31:44,861 | WARNING | Rejected trade from 0x02e65d10e83eb391ca0c466630f82790854e25: Exceeds allocated capital for trader
2025-11-11 16:31:44,861 | WARNING | Rejected trade from 0x02e65d10e83eb391ca0c466630f82790854e25: Exceeds allocated capital for trader
2025-11-11 16:31:44,861 | WARNING | Rejected trade from 0x02e65d10e83eb391ca0c466630f82790854e25: Exceeds allocated capital for trader
2025-11-11 16:31:44,861 | WARNING | Rejected trade from 0x02e65d10e83eb391ca0c466630f82790854e25: Exceeds allocated capital for trader
2025-11-11 16:31:44,861 | WARNING | Rejected trade from 0x02e65d10e83eb391ca0c466630f82790854e25: Exceeds allocated capital for trader
2025-11-11 16:31:44,861 | WARNING | Rejected trade from 0x02e65d10e83eb391ca0c466630f82790854e25: Exceeds allocated capital for trader
2025-11-11 16:31:44,861 | WARNING | Rejected trade from 0x02e65d10e83eb391ca0c466630f82790854e25: Exceeds allocated capital for trader
2025-11-11 16:31:44,862 | WARNING | Rejected trade from 0x02e65d10e83eb391ca0c466630f82790854e25: Exceeds allocated capital for trader
2025-11-11 16:31:44,862 | WARNING | Rejected trade from 0x02e65d10e83eb391ca0c466630f82790854e25: Exceeds allocated capital for trader
2025-11-11 16:31:44,862 | WARNING | Rejected trade from 0x02e65d10e83eb391ca0c466630f82790854e25: Exceeds allocated capital for trader
2025-11-11 16:31:44,862 | WARNING | Rejected trade from 0x02e65d10e83eb391ca0c466630f82790854e25: Exceeds allocated capital for trader
2025-11-11 16:31:44,862 | WARNING | Rejected trade from 0x02e65d10e83eb391ca0c466630f82790854e25: Exceeds allocated capital for trader
2025-11-11 16:31:44,862 | WARNING | Rejected trade from 0x02e65d10e83eb391ca0c466630f82790854e25: Exceeds allocated capital for trader
2025-11-11 16:31:44,862 | WARNING | Rejected trade from 0x02e65d10e83eb391ca0c466630f82790854e25: Exceeds allocated capital for trader
2025-11-11 16:31:44,862 | WARNING | Rejected trade from 0x02e65d10e83eb391ca0c466630f82790854e25: Exceeds allocated capital for trader
2025-11-11 16:31:44,863 | WARNING | Rejected trade from 0x02e65d10e83eb391ca0c466630f82790854e25: Exceeds allocated capital for trader
2025-11-11 16:31:44,863 | WARNING | Rejected trade from 0x02e65d10e83eb391ca0c466630f82790854e25: Exceeds allocated capital for trader
2025-11-11 16:31:44,863 | WARNING | Rejected trade from 0x02e65d10e83eb391ca0c466630f82790854e25: Exceeds allocated capital for trader
2025-11-11 16:31:44,863 | WARNING | Rejected trade from 0x02e65d10e83eb391ca0c466630f82790854e25: Exceeds allocated capital for trader
2025-11-11 16:31:44,863 | WARNING | Rejected trade from 0x02e65d10e83eb391ca0c466630f82790854e25: Exceeds allocated capital for trader
2025-11-11 16:31:44,863 | WARNING | Rejected trade from 0x02e65d10e83eb391ca0c466630f82790854e25: Exceeds allocated capital for trader
2025-11-11 16:31:44,863 | WARNING | Rejected trade from 0x02e65d10e83eb391ca0c466630f82790854e25: Exceeds allocated capital for trader
2025-11-11 16:31:44,863 | WARNING | Rejected trade from 0x02e65d10e83eb391ca0c466630f82790854e25: Exceeds allocated capital for trader
2025-11-11 16:31:44,864 | WARNING | Rejected trade from 0x02e65d10e83eb391ca0c466630f82790854e25: Exceeds allocated capital for trader
2025-11-11 16:31:44,864 | WARNING | Rejected trade from 0x02e65d10e83eb391ca0c466630f82790854e25: Exceeds allocated capital for trader
2025-11-11 16:31:44,864 | WARNING | Rejected trade from 0x02e65d10e83eb391ca0c466630f82790854e25: Exceeds allocated capital for trader
2025-11-11 16:31:44,864 | WARNING | Rejected trade from 0x02e65d10e83eb391ca0c466630f82790854e25: Exceeds allocated capital for trader
2025-11-11 16:31:44,864 | WARNING | Rejected trade from 0x02e65d10e83eb391ca0c466630f82790854e25: Exceeds allocated capital for trader
2025-11-11 16:31:44,864 | WARNING | Rejected trade from 0x02e65d10e83eb391ca0c466630f82790854e25: Exceeds allocated capital for trader
2025-11-11 16:31:44,864 | WARNING | Rejected trade from 0x02e65d10e83eb391ca0c466630f82790854e25: Exceeds allocated capital for trader
2025-11-11 16:31:44,864 | WARNING | Rejected trade from 0x02e65d10e83eb391ca0c466630f82790854e25: Exceeds allocated capital for trader
2025-11-11 16:31:44,864 | WARNING | Rejected trade from 0x02e65d10e83eb391ca0c466630f82790854e25: Exceeds allocated capital for trader
2025-11-11 16:31:44,865 | WARNING | Rejected trade from 0x02e65d10e83eb391ca0c466630f82790854e25: Exceeds allocated capital for trader
2025-11-11 16:31:44,865 | WARNING | Rejected trade from 0x02e65d10e83eb391ca0c466630f82790854e25: Exceeds allocated capital for trader
2025-11-11 16:31:44,865 | WARNING | Rejected trade from 0x02e65d10e83eb391ca0c466630f82790854e25: Exceeds allocated capital for trader
2025-11-11 16:31:44,865 | WARNING | Rejected trade from 0x02e65d10e83eb391ca0c466630f82790854e25: Exceeds allocated capital for trader
2025-11-11 16:31:44,865 | WARNING | Rejected trade from 0x02e65d10e83eb391ca0c466630f82790854e25: Exceeds allocated capital for trader
2025-11-11 16:31:44,865 | WARNING | Rejected trade from 0x02e65d10e83eb391ca0c466630f82790854e25: Exceeds allocated capital for trader
2025-11-11 16:47:07,088 | WARNING | Rejected trade from 0x02e65d10e83eb391ca0c466630f82790854e25: Exceeds allocated capital for trader
2025-11-11 16:47:07,088 | WARNING | Rejected trade from 0x02e65d10e83eb391ca0c466630f82790854e25: Exceeds allocated capital for trader
2025-11-11 16:47:07,089 | WARNING | Rejected trade from 0x02e65d10e83eb391ca0c466630f82790854e25: Exceeds allocated capital for trader
2025-11-11 16:47:07,089 | WARNING | Rejected trade from 0x02e65d10e83eb391ca0c466630f82790854e25: Exceeds allocated capital for trader
2025-11-11 16:47:07,089 | WARNING | Rejected trade from 0x02e65d10e83eb391ca0c466630f82790854e25: Exceeds allocated capital for trader
2025-11-11 16:47:07,089 | WARNING | Rejected trade from 0x02e65d10e83eb391ca0c466630f82790854e25: Exceeds allocated capital for trader
2025-11-11 16:47:07,089 | WARNING | Rejected trade from 0x02e65d10e83eb391ca0c466630f82790854e25: Exceeds allocated capital for trader
2025-11-11 16:47:07,089 | WARNING | Rejected trade from 0x02e65d10e83eb391ca0c466630f82790854e25: Exceeds allocated capital for trader
2025-11-11 16:47:07,090 | WARNING | Rejected trade from 0x02e65d10e83eb391ca0c466630f82790854e25: Exceeds allocated capital for trader
2025-11-11 16:47:07,090 | WARNING | Rejected trade from 0x02e65d10e83eb391ca0c466630f82790854e25: Exceeds allocated capital for trader
2025-11-11 16:47:07,090 | WARNING | Rejected trade from 0x02e65d10e83eb391ca0c466630f82790854e25: Exceeds allocated capital for trader
2025-11-11 16:47:07,090 | WARNING | Rejected trade from 0x02e65d10e83eb391ca0c466630f82790854e25: Exceeds allocated capital for trader
2025-11-11 16:47:07,090 | WARNING | Rejected trade from 0x02e65d10e83eb391ca0c466630f82790854e25: Exceeds allocated capital for trader
2025-11-11 16:47:07,090 | WARNING | Rejected trade from 0x02e65d10e83eb391ca0c466630f82790854e25: Exceeds allocated capital for trader
2025-11-11 16:47:07,090 | WARNING | Rejected trade from 0x02e65d10e83eb391ca0c466630f82790854e25: Exceeds allocated capital for trader
2025-11-11 16:47:07,091 | WARNING | Rejected trade from 0x02e65d10e83eb391ca0c466630f82790854e25: Exceeds allocated capital for trader
2025-11-11 16:47:07,091 | WARNING | Rejected trade from 0x02e65d10e83eb391ca0c466630f82790854e25: Exceeds allocated capital for trader
2025-11-11 16:47:07,091 | WARNING | Rejected trade from 0x02e65d10e83eb391ca0c466630f82790854e25: Exceeds allocated capital for trader
2025-11-11 16:47:07,091 | WARNING | Rejected trade from 0x02e65d10e83eb391ca0c466630f82790854e25: Exceeds allocated capital for trader
2025-11-11 16:47:07,091 | WARNING | Rejected trade from 0x02e65d10e83eb391ca0c466630f82790854e25: Exceeds allocated capital for trader
2025-11-11 16:47:07,091 | WARNING | Rejected trade from 0x02e65d10e83eb391ca0c466630f82790854e25: Exceeds allocated capital for trader
2025-11-11 16:47:07,091 | WARNING | Rejected trade from 0x02e65d10e83eb391ca0c466630f82790854e25: Exceeds allocated capital for trader
2025-11-11 16:47:07,091 | WARNING | Rejected trade from 0x02e65d10e83eb391ca0c466630f82790854e25: Exceeds allocated capital for trader
2025-11-11 16:47:07,092 | WARNING | Rejected trade from 0x02e65d10e83eb391ca0c466630f82790854e25: Exceeds allocated capital for trader
2025-11-11 16:47:07,092 | WARNING | Rejected trade from 0x02e65d10e83eb391ca0c466630f82790854e25: Exceeds allocated capital for trader
2025-11-11 16:47:07,092 | WARNING | Rejected trade from 0x02e65d10e83eb391ca0c466630f82790854e25: Exceeds allocated capital for trader
2025-11-11 16:47:07,092 | WARNING | Rejected trade from 0x02e65d10e83eb391ca0c466630f82790854e25: Exceeds allocated capital for trader
2025-11-11 16:47:07,092 | WARNING | Rejected trade from 0x02e65d10e83eb391ca0c466630f82790854e25: Exceeds allocated capital for trader
2025-11-11 16:47:07,092 | WARNING | Rejected trade from 0x02e65d10e83eb391ca0c466630f82790854e25: Exceeds allocated capital for trader
2025-11-11 16:47:07,093 | WARNING | Rejected trade from 0x02e65d10e83eb391ca0c466630f82790854e25: Exceeds allocated capital for trader
2025-11-11 16:47:07,093 | WARNING | Rejected trade from 0x02e65d10e83eb391ca0c466630f82790854e25: Exceeds allocated capital for trader
2025-11-11 16:47:07,093 | WARNING | Rejected trade from 0x02e65d10e83eb391ca0c466630f82790854e25: Exceeds allocated capital for trader
2025-11-11 16:47:07,093 | WARNING | Rejected trade from 0x02e65d10e83eb391ca0c466630f82790854e25: Exceeds allocated capital for trader
2025-11-11 16:47:07,093 | WARNING | Rejected trade from 0x02e65d10e83eb391ca0c466630f82790854e25: Exceeds allocated capital for trader
2025-11-11 16:47:07,093 | WARNING | Rejected trade from 0x02e65d10e83eb391ca0c466630f82790854e25: Exceeds allocated capital for trader
2025-11-11 16:47:07,094 | WARNING | Rejected trade from 0x02e65d10e83eb391ca0c466630f82790854e25: Exceeds allocated capital for trader
2025-11-11 16:47:07,094 | WARNING | Rejected trade from 0x02e65d10e83eb391ca0c466630f82790854e25: Exceeds allocated capital for trader
2025-11-11 16:47:07,094 | WARNING | Rejected trade from 0x02e65d10e83eb391ca0c466630f82790854e25: Exceeds allocated capital for trader
2025-11-11 16:47:07,094 | WARNING | Rejected trade from 0x02e65d10e83eb391ca0c466630f82790854e25: Exceeds allocated capital for trader
2025-11-11 16:47:07,094 | WARNING | Rejected trade from 0x02e65d10e83eb391ca0c466630f82790854e25: Exceeds allocated capital for trader
2025-11-11 16:47:07,094 | WARNING | Rejected trade from 0x02e65d10e83eb391ca0c466630f82790854e25: Exceeds allocated capital for trader
2025-11-11 16:47:07,095 | WARNING | Rejected trade from 0x02e65d10e83eb391ca0c466630f82790854e25: Exceeds allocated capital for trader
2025-11-11 16:47:07,095 | WARNING | Rejected trade from 0x02e65d10e83eb391ca0c466630f82790854e25: Exceeds allocated capital for trader
2025-11-11 16:47:07,095 | WARNING | Rejected trade from 0x02e65d10e83eb391ca0c466630f82790854e25: Exceeds allocated capital for trader
2025-11-11 16:47:07,095 | WARNING | Rejected trade from 0x02e65d10e83eb391ca0c466630f82790854e25: Exceeds allocated capital for trader
2025-11-11 16:47:07,095 | WARNING | Rejected trade from 0x02e65d10e83eb391ca0c466630f82790854e25: Exceeds allocated capital for trader
2025-11-11 16:47:07,096 | WARNING | Rejected trade from 0x02e65d10e83eb391ca0c466630f82790854e25: Exceeds allocated capital for trader
2025-11-11 16:47:07,096 | WARNING | Rejected trade from 0x02e65d10e83eb391ca0c466630f82790854e25: Exceeds allocated capital for trader
2025-11-11 16:47:07,096 | WARNING | Rejected trade from 0x02e65d10e83eb391ca0c466630f82790854e25: Exceeds allocated capital for trader
2025-11-11 16:47:07,096 | WARNING | Rejected trade from 0x02e65d10e83eb391ca0c466630f82790854e25: Exceeds allocated capital for trader
2025-11-11 16:47:07,096 | WARNING | Rejected trade from 0x02e65d10e83eb391ca0c466630f82790854e25: Exceeds allocated capital for trader
2025-11-11 16:47:07,096 | WARNING | Rejected trade from 0x02e65d10e83eb391ca0c466630f82790854e25: Exceeds allocated capital for trader
2025-11-11 16:47:07,096 | WARNING | Rejected trade from 0x02e65d10e83eb391ca0c466630f82790854e25: Exceeds allocated capital for trader
2025-11-11 16:47:07,096 | WARNING | Rejected trade from 0x02e65d10e83eb391ca0c466630f82790854e25: Exceeds allocated capital for trader
2025-11-11 16:47:07,096 | WARNING | Rejected trade from 0x02e65d10e83eb391ca0c466630f82790854e25: Exceeds allocated capital for trader
2025-11-11 16:47:07,097 | WARNING | Rejected trade from 0x02e65d10e83eb391ca0c466630f82790854e25: Exceeds allocated capital for trader
2025-11-11 16:47:07,097 | WARNING | Rejected trade from 0x02e65d10e83eb391ca0c466630f82790854e25: Exceeds allocated capital for trader
2025-11-11 16:47:07,097 | WARNING | Rejected trade from 0x02e65d10e83eb391ca0c466630f82790854e25: Exceeds allocated capital for trader
2025-11-11 16:47:07,097 | WARNING | Rejected trade from 0x02e65d10e83eb391ca0c466630f82790854e25: Exceeds allocated capital for trader
2025-11-11 16:47:07,097 | WARNING | Rejected trade from 0x02e65d10e83eb391ca0c466630f82790854e25: Exceeds allocated capital for trader
2025-11-11 16:47:07,097 | WARNING | Rejected trade from 0x02e65d10e83eb391ca0c466630f82790854e25: Exceeds allocated capital for trader
2025-11-11 16:47:07,097 | WARNING | Rejected trade from 0x02e65d10e83eb391ca0c466630f82790854e25: Exceeds allocated capital for trader
2025-11-11 16:47:07,097 | WARNING | Rejected trade from 0x02e65d10e83eb391ca0c466630f82790854e25: Exceeds allocated capital for trader
2025-11-11 16:47:07,097 | WARNING | Rejected trade from 0x02e65d10e83eb391ca0c466630f82790854e25: Exceeds allocated capital for trader
2025-11-11 16:47:07,098 | WARNING | Rejected trade from 0x02e65d10e83eb391ca0c466630f82790854e25: Exceeds allocated capital for trader
2025-11-11 16:47:07,098 | WARNING | Rejected trade from 0x02e65d10e83eb391ca0c466630f82790854e25: Exceeds allocated capital for trader
2025-11-11 16:47:07,098 | WARNING | Rejected trade from 0x02e65d10e83eb391ca0c466630f82790854e25: Exceeds allocated capital for trader
2025-11-11 16:47:07,098 | WARNING | Rejected trade from 0x02e65d10e83eb391ca0c466630f82790854e25: Exceeds allocated capital for trader
2025-11-11 16:47:07,098 | WARNING | Rejected trade from 0x02e65d10e83eb391ca0c466630f82790854e25: Exceeds allocated capital for trader
2025-11-11 16:47:07,098 | WARNING | Rejected trade from 0x02e65d10e83eb391ca0c466630f82790854e25: Exceeds allocated capital for trader
2025-11-11 16:47:07,098 | WARNING | Rejected trade from 0x02e65d10e83eb391ca0c466630f82790854e25: Exceeds allocated capital for trader
2025-11-11 16:47:07,429 | INFO | Copied kch123: $2.00 (0.00% of trader portfolio; deployment 100.0% (floored to $1 min); raised to market min 5.0000 shares) order=0x3ddfd7f66d0717d9a6e6933b0d104ee2a01d3f08f591800551eed06bfe9a99ec
2025-11-11 16:47:07,767 | INFO | Copied kch123: $2.00 (0.00% of trader portfolio; deployment 100.0% (floored to $1 min); raised to market min 5.0000 shares) order=0xb4361842e24164edd528c02b7cc8fc1a73dca877ae425bf55e002f137d9cbb01
2025-11-11 16:47:09,178 | INFO | Copied kch123: $1.75 (0.00% of trader portfolio; deployment 100.0% (floored to $1 min); raised to market min 5.0000 shares) order=0xf835a3266c43d00011df8b4da36e2a374a37e6c64a4fa6179c0283f5c692b9f2
2025-11-11 16:47:09,485 | INFO | Copied kch123: $1.75 (0.00% of trader portfolio; deployment 100.0% (floored to $1 min); raised to market min 5.0000 shares) order=0xbe062509565b80beaa48b720cd6bf99560f0cfa08e16fea61ed52e880e7e9e7d
2025-11-11 16:47:09,783 | INFO | Copied kch123: $2.00 (0.01% of trader portfolio; deployment 100.0% (floored to $1 min); raised to market min 5.0000 shares) order=0xf6a70a23a70f3d615a5e5b5e441155180057e6420881f944c78278a5cf109c8c
2025-11-11 16:47:10,269 | INFO | Copied kch123: $2.00 (0.00% of trader portfolio; deployment 100.0% (floored to $1 min); raised to market min 5.0000 shares) order=0x4f3d5292e3497b7b3fb4ee444fa858719a66ba58e4498a71a0f8a22c156216d9
2025-11-11 16:47:10,564 | INFO | Copied kch123: $1.75 (0.01% of trader portfolio; deployment 100.0% (floored to $1 min); raised to market min 5.0000 shares) order=0x9a58134763e5926d4867dfb8cb7e9172c2a8f96009cafd89809645f1344e0fc6
2025-11-11 16:47:10,857 | INFO | Copied kch123: $2.00 (0.08% of trader portfolio; deployment 100.0% (floored to $1 min); raised to market min 5.0000 shares) order=0x0d26cbdf02b4a08304b149d60b19ffdda423961dc0494c573e133ba414f0917a
2025-11-11 16:49:39,588 | WARNING | Rejected trade from 0x02e65d10e83eb391ca0c466630f82790854e25: Exceeds allocated capital for trader
2025-11-11 16:59:53,393 | INFO | Copied Hans323: $4.17 (16.67% of trader portfolio; deployment 100.0%) order=0xe972f18ac16ef22fc6c08ef928f4d9c8f6960fcfd8069ebe27d782dd489ad235
2025-11-11 16:59:53,395 | WARNING | Rejected trade from 0x02e65d10e83eb391ca0c466630f82790854e25: Exceeds allocated capital for trader
2025-11-11 16:59:53,396 | WARNING | Rejected trade from 0x02e65d10e83eb391ca0c466630f82790854e25: Exceeds allocated capital for trader
2025-11-11 16:59:53,396 | WARNING | Rejected trade from 0x02e65d10e83eb391ca0c466630f82790854e25: Exceeds allocated capital for trader
2025-11-11 16:59:53,397 | WARNING | Rejected trade from 0x02e65d10e83eb391ca0c466630f82790854e25: Exceeds allocated capital for trader
2025-11-11 16:59:53,397 | WARNING | Rejected trade from 0x02e65d10e83eb391ca0c466630f82790854e25: Exceeds allocated capital for trader
2025-11-11 16:59:53,397 | WARNING | Rejected trade from 0x02e65d10e83eb391ca0c466630f82790854e25: Exceeds allocated capital for trader
2025-11-11 16:59:53,397 | WARNING | Rejected trade from 0x02e65d10e83eb391ca0c466630f82790854e25: Exceeds allocated capital for trader
2025-11-11 16:59:53,398 | WARNING | Rejected trade from 0x02e65d10e83eb391ca0c466630f82790854e25: Exceeds allocated capital for trader
2025-11-11 16:59:53,398 | WARNING | Rejected trade from 0x02e65d10e83eb391ca0c466630f82790854e25: Exceeds allocated capital for trader
2025-11-11 16:59:53,399 | WARNING | Rejected trade from 0x02e65d10e83eb391ca0c466630f82790854e25: Exceeds allocated capital for trader
2025-11-11 16:59:53,399 | WARNING | Rejected trade from 0x02e65d10e83eb391ca0c466630f82790854e25: Exceeds allocated capital for trader
2025-11-11 16:59:53,399 | WARNING | Rejected trade from 0x02e65d10e83eb391ca0c466630f82790854e25: Exceeds allocated capital for trader
2025-11-11 16:59:53,399 | WARNING | Rejected trade from 0x02e65d10e83eb391ca0c466630f82790854e25: Exceeds allocated capital for trader
2025-11-11 16:59:53,399 | WARNING | Rejected trade from 0x02e65d10e83eb391ca0c466630f82790854e25: Exceeds allocated capital for trader
2025-11-11 16:59:53,400 | WARNING | Rejected trade from 0x02e65d10e83eb391ca0c466630f82790854e25: Exceeds allocated capital for trader
2025-11-11 16:59:53,400 | WARNING | Rejected trade from 0x02e65d10e83eb391ca0c466630f82790854e25: Exceeds allocated capital for trader
2025-11-11 16:59:53,401 | WARNING | Rejected trade from 0x02e65d10e83eb391ca0c466630f82790854e25: Exceeds allocated capital for trader
2025-11-11 16:59:53,401 | WARNING | Rejected trade from 0x02e65d10e83eb391ca0c466630f82790854e25: Exceeds allocated capital for trader
2025-11-11 16:59:53,401 | WARNING | Rejected trade from 0x02e65d10e83eb391ca0c466630f82790854e25: Exceeds allocated capital for trader
2025-11-11 16:59:53,402 | WARNING | Rejected trade from 0x02e65d10e83eb391ca0c466630f82790854e25: Exceeds allocated capital for trader
2025-11-11 16:59:53,402 | WARNING | Rejected trade from 0x02e65d10e83eb391ca0c466630f82790854e25: Exceeds allocated capital for trader
2025-11-11 16:59:53,402 | WARNING | Rejected trade from 0x02e65d10e83eb391ca0c466630f82790854e25: Exceeds allocated capital for trader
2025-11-11 16:59:53,402 | WARNING | Rejected trade from 0x02e65d10e83eb391ca0c466630f82790854e25: Exceeds allocated capital for trader
2025-11-11 16:59:53,402 | WARNING | Rejected trade from 0x02e65d10e83eb391ca0c466630f82790854e25: Exceeds allocated capital for trader
2025-11-11 16:59:53,403 | WARNING | Rejected trade from 0x02e65d10e83eb391ca0c466630f82790854e25: Exceeds allocated capital for trader
2025-11-11 16:59:53,403 | WARNING | Rejected trade from 0x02e65d10e83eb391ca0c466630f82790854e25: Exceeds allocated capital for trader
2025-11-11 16:59:53,403 | WARNING | Rejected trade from 0x02e65d10e83eb391ca0c466630f82790854e25: Exceeds allocated capital for trader
2025-11-11 16:59:53,403 | WARNING | Rejected trade from 0x02e65d10e83eb391ca0c466630f82790854e25: Exceeds allocated capital for trader
2025-11-11 16:59:53,403 | WARNING | Rejected trade from 0x02e65d10e83eb391ca0c466630f82790854e25: Exceeds allocated capital for trader
2025-11-11 16:59:53,404 | WARNING | Rejected trade from 0x02e65d10e83eb391ca0c466630f82790854e25: Exceeds allocated capital for trader
2025-11-11 16:59:53,404 | WARNING | Rejected trade from 0x02e65d10e83eb391ca0c466630f82790854e25: Exceeds allocated capital for trader
2025-11-11 16:59:53,404 | WARNING | Rejected trade from 0x02e65d10e83eb391ca0c466630f82790854e25: Exceeds allocated capital for trader
2025-11-11 16:59:53,404 | WARNING | Rejected trade from 0x02e65d10e83eb391ca0c466630f82790854e25: Exceeds allocated capital for trader
2025-11-11 16:59:53,404 | WARNING | Rejected trade from 0x02e65d10e83eb391ca0c466630f82790854e25: Exceeds allocated capital for trader
2025-11-11 16:59:53,404 | WARNING | Rejected trade from 0x02e65d10e83eb391ca0c466630f82790854e25: Exceeds allocated capital for trader
2025-11-11 16:59:53,405 | WARNING | Rejected trade from 0x02e65d10e83eb391ca0c466630f82790854e25: Exceeds allocated capital for trader
2025-11-11 16:59:53,405 | WARNING | Rejected trade from 0x02e65d10e83eb391ca0c466630f82790854e25: Exceeds allocated capital for trader
2025-11-11 16:59:53,405 | WARNING | Rejected trade from 0x02e65d10e83eb391ca0c466630f82790854e25: Exceeds allocated capital for trader
2025-11-11 16:59:53,405 | WARNING | Rejected trade from 0x02e65d10e83eb391ca0c466630f82790854e25: Exceeds allocated capital for trader
2025-11-11 16:59:53,405 | WARNING | Rejected trade from 0x02e65d10e83eb391ca0c466630f82790854e25: Exceeds allocated capital for trader
2025-11-11 16:59:53,405 | WARNING | Rejected trade from 0x02e65d10e83eb391ca0c466630f82790854e25: Exceeds allocated capital for trader
2025-11-11 16:59:53,406 | WARNING | Rejected trade from 0x02e65d10e83eb391ca0c466630f82790854e25: Exceeds allocated capital for trader
2025-11-11 16:59:53,406 | WARNING | Rejected trade from 0x02e65d10e83eb391ca0c466630f82790854e25: Exceeds allocated capital for trader
2025-11-11 16:59:53,406 | WARNING | Rejected trade from 0x02e65d10e83eb391ca0c466630f82790854e25: Exceeds allocated capital for trader
2025-11-11 16:59:53,406 | WARNING | Rejected trade from 0x02e65d10e83eb391ca0c466630f82790854e25: Exceeds allocated capital for trader
2025-11-11 16:59:53,406 | WARNING | Rejected trade from 0x02e65d10e83eb391ca0c466630f82790854e25: Exceeds allocated capital for trader
2025-11-11 16:59:53,406 | WARNING | Rejected trade from 0x02e65d10e83eb391ca0c466630f82790854e25: Exceeds allocated capital for trader
2025-11-11 16:59:53,407 | WARNING | Rejected trade from 0x02e65d10e83eb391ca0c466630f82790854e25: Exceeds allocated capital for trader
2025-11-11 16:59:53,407 | WARNING | Rejected trade from 0x02e65d10e83eb391ca0c466630f82790854e25: Exceeds allocated capital for trader
2025-11-11 16:59:53,407 | WARNING | Rejected trade from 0x02e65d10e83eb391ca0c466630f82790854e25: Exceeds allocated capital for trader
2025-11-11 16:59:53,408 | WARNING | Rejected trade from 0x02e65d10e83eb391ca0c466630f82790854e25: Exceeds allocated capital for trader
2025-11-11 16:59:53,408 | WARNING | Rejected trade from 0x02e65d10e83eb391ca0c466630f82790854e25: Exceeds allocated capital for trader
2025-11-11 16:59:53,408 | WARNING | Rejected trade from 0x02e65d10e83eb391ca0c466630f82790854e25: Exceeds allocated capital for trader
2025-11-11 16:59:53,408 | WARNING | Rejected trade from 0x02e65d10e83eb391ca0c466630f82790854e25: Exceeds allocated capital for trader
2025-11-11 16:59:53,408 | WARNING | Rejected trade from 0x02e65d10e83eb391ca0c466630f82790854e25: Exceeds allocated capital for trader
2025-11-11 16:59:53,408 | WARNING | Rejected trade from 0x02e65d10e83eb391ca0c466630f82790854e25: Exceeds allocated capital for trader
2025-11-11 16:59:53,408 | WARNING | Rejected trade from 0x02e65d10e83eb391ca0c466630f82790854e25: Exceeds allocated capital for trader
2025-11-11 16:59:53,409 | WARNING | Rejected trade from 0x02e65d10e83eb391ca0c466630f82790854e25: Exceeds allocated capital for trader
2025-11-11 16:59:53,409 | WARNING | Rejected trade from 0x02e65d10e83eb391ca0c466630f82790854e25: Exceeds allocated capital for trader
2025-11-11 16:59:53,409 | WARNING | Rejected trade from 0x02e65d10e83eb391ca0c466630f82790854e25: Exceeds allocated capital for trader
2025-11-11 16:59:53,701 | INFO | Copied kch123: $2.00 (0.00% of trader portfolio; deployment 100.0% (floored to $1 min); raised to market min 5.0000 shares) order=0x2bad802504cbc8a8f88f18dea8beb2641486aa1ebe73a2e9d1bbcd2538e11d30
2025-11-11 16:59:53,702 | WARNING | Rejected trade from kch123: Exceeds allocated capital for trader
2025-11-11 16:59:53,702 | WARNING | Rejected trade from kch123: Exceeds allocated capital for trader
2025-11-11 16:59:53,702 | WARNING | Rejected trade from kch123: Exceeds allocated capital for trader
2025-11-11 16:59:53,702 | WARNING | Rejected trade from kch123: Exceeds allocated capital for trader
2025-11-11 16:59:59,189 | WARNING | Rejected trade from 0x02e65d10e83eb391ca0c466630f82790854e25: Exceeds allocated capital for trader
2025-11-11 17:03:20,089 | WARNING | Rejected trade from 0x02e65d10e83eb391ca0c466630f82790854e25: Exceeds allocated capital for trader
2025-11-11 17:07:20,143 | WARNING | Rejected trade from 0x02e65d10e83eb391ca0c466630f82790854e25: Exceeds allocated capital for trader
2025-11-11 17:07:29,414 | INFO | Stopping copytrader...
2025-11-11 20:11:23,319 | INFO | Starting multi-trader copytrader...
2025-11-11 20:11:23,322 | INFO | Watching 3 traders:
2025-11-11 20:11:23,322 | INFO | - Hans323 (0x0f37cb80dee49d55b5f6d9e595d52591d6371410)
2025-11-11 20:11:23,322 | INFO | - AgricultureSecretary (0x6ffb4354cbe6e0f9989e3b55564ec5fb8646a834)
2025-11-11 20:11:23,322 | INFO | - Mayuravarma (0x3657862e57070b82a289b5887ec943a7c2166b14)
2025-11-11 20:12:08,233 | INFO | Stopping copytrader...
2025-11-11 21:09:13,093 | INFO | Starting multi-trader copytrader...
2025-11-11 21:09:13,094 | INFO | Watching 3 traders:
2025-11-11 21:09:13,094 | INFO | - Hans323 (0x0f37cb80dee49d55b5f6d9e595d52591d6371410)
2025-11-11 21:09:13,094 | INFO | - AgricultureSecretary (0x6ffb4354cbe6e0f9989e3b55564ec5fb8646a834)
2025-11-11 21:09:13,095 | INFO | - Mayuravarma (0x3657862e57070b82a289b5887ec943a7c2166b14)
2025-11-11 21:09:17,900 | INFO | Stopping copytrader...
2025-11-11 21:10:55,597 | INFO | Starting multi-trader copytrader...
2025-11-11 21:10:55,598 | INFO | Watching 3 traders:
2025-11-11 21:10:55,598 | INFO | - Hans323 (0x0f37cb80dee49d55b5f6d9e595d52591d6371410)
2025-11-11 21:10:55,598 | INFO | - AgricultureSecretary (0x6ffb4354cbe6e0f9989e3b55564ec5fb8646a834)
2025-11-11 21:10:55,598 | INFO | - Mayuravarma (0x3657862e57070b82a289b5887ec943a7c2166b14)
2025-11-11 21:13:17,676 | INFO | Starting multi-trader copytrader...
2025-11-11 21:13:17,677 | INFO | Watching 3 traders:
2025-11-11 21:13:17,677 | INFO | - Hans323 (0x0f37cb80dee49d55b5f6d9e595d52591d6371410)
2025-11-11 21:13:17,677 | INFO | - AgricultureSecretary (0x6ffb4354cbe6e0f9989e3b55564ec5fb8646a834)
2025-11-11 21:13:17,677 | INFO | - Mayuravarma (0x3657862e57070b82a289b5887ec943a7c2166b14)
2025-11-11 21:13:36,351 | INFO | Stopping copytrader...
2025-11-11 21:18:13,569 | INFO | Starting multi-trader copytrader...
2025-11-11 21:18:13,569 | INFO | Watching 3 traders:
2025-11-11 21:18:13,570 | INFO | - Hans323 (0x0f37cb80dee49d55b5f6d9e595d52591d6371410)
2025-11-11 21:18:13,570 | INFO | - AgricultureSecretary (0x6ffb4354cbe6e0f9989e3b55564ec5fb8646a834)
2025-11-11 21:18:13,570 | INFO | - Mayuravarma (0x3657862e57070b82a289b5887ec943a7c2166b14)
2025-11-11 21:21:51,441 | INFO | Copied Hans323: $12.24 (24.49% of trader portfolio; deployment 100.0%) order=0x32f6ed49fa019a8d10eb8de7ca2ae6fca3815df53664c6d0ad36f240aec01a72
2025-11-12 06:17:05,701 | INFO | Copied Mayuravarma: $2.60 (0.25% of trader portfolio; deployment 100.0% (floored to $1 min); raised to market min 5.0000 shares) order=0xca7270067ca7d8e4d6e64cbaa0041ae911e1946259ffbd7d3fe785f9aa1fa82c
2025-11-12 06:45:31,537 | INFO | Copied Mayuravarma: $2.60 (0.08% of trader portfolio; deployment 100.0% (floored to $1 min); raised to market min 5.0000 shares) order=0x40b647f5a1f02dfd341efaa9d4d648465dbc5a5dc09ee4185da06aa7b858acbd
2025-11-12 08:52:48,502 | ERROR | Order failed: PolyApiException[status_code=400, error_message={'error': 'not enough balance / allowance'}]
2025-11-12 09:57:30,327 | INFO | Stopping copytrader...
2025-11-12 10:00:20,477 | INFO | Starting multi-trader copytrader...
2025-11-12 10:00:20,479 | INFO | Watching 3 traders:
2025-11-12 10:00:20,479 | INFO | - Hans323 (0x0f37cb80dee49d55b5f6d9e595d52591d6371410)
2025-11-12 10:00:20,479 | INFO | - AgricultureSecretary (0x6ffb4354cbe6e0f9989e3b55564ec5fb8646a834)
2025-11-12 10:00:20,479 | INFO | - Mayuravarma (0x3657862e57070b82a289b5887ec943a7c2166b14)
